Using pre-set license
Built from '2021.1/staging' branch; Version is '2021.1.7f1 (d91830b65d9b) revision 14227504'; Using compiler version '192528614'; Build Type 'Release'
OS: 'Windows 10 Pro for Workstations; OS build 19045.2251; Version 2009; 64bit' Language: 'en' Physical Memory: 32570 MB
BatchMode: 1, IsHumanControllingUs: 0, StartBugReporterOnCrash: 0, Is64bit: 1, IsPro: 0

 COMMAND LINE ARGUMENTS:
D:\_Games\2021.1.7f1\Editor\Unity.exe
-adb2
-batchMode
-noUpm
-name
AssetImportWorker0
-projectPath
D:/_Games/_Gravity_Studio/DungeonRoguelike
-logFile
Logs/AssetImportWorker0.log
-srvPort
59746
Successfully changed project path to: D:/_Games/_Gravity_Studio/DungeonRoguelike
D:/_Games/_Gravity_Studio/DungeonRoguelike
Using Asset Import Pipeline V2.
Refreshing native plugins compatible for Editor in 93.64 ms, found 0 plugins.
Preloading 0 native plugins for Editor in 0.00 ms.
Initialize engine version: 2021.1.7f1 (d91830b65d9b)
[Subsystems] Discovering subsystems at path D:/_Games/2021.1.7f1/Editor/Data/Resources/UnitySubsystems
[Subsystems] Discovering subsystems at path D:/_Games/_Gravity_Studio/DungeonRoguelike/Assets
GfxDevice: creating device client; threaded=0; jobified=0
Direct3D:
    Version:  Direct3D 11.0 [level 11.1]
    Renderer: NVIDIA Quadro M2200 (ID=0x1436)
    Vendor:   NVIDIA
    VRAM:     4053 MB
    Driver:   30.0.15.1329
Shader 'Universal Render Pipeline/Particles/Lit': fallback shader 'Universal Render Pipeline/Particles/SimpleLit' not found
Initialize mono
Mono path[0] = 'D:/_Games/2021.1.7f1/Editor/Data/Managed'
Mono path[1] = 'D:/_Games/2021.1.7f1/Editor/Data/MonoBleedingEdge/lib/mono/unityjit'
Mono config path = 'D:/_Games/2021.1.7f1/Editor/Data/MonoBleedingEdge/etc'
Using monoOptions --debugger-agent=transport=dt_socket,embedding=1,server=y,suspend=n,address=127.0.0.1:56236
Begin MonoManager ReloadAssembly
Registering precompiled unity dll's ...
Register platform support module: D:/_Games/2021.1.7f1/Editor/Data/PlaybackEngines/WindowsStandaloneSupport/UnityEditor.WindowsStandalone.Extensions.dll
Registered in 0.001199 seconds.
Native extension for WindowsStandalone target not found
Refreshing native plugins compatible for Editor in 84.67 ms, found 0 plugins.
Preloading 0 native plugins for Editor in 0.00 ms.
Mono: successfully reloaded assembly
- Completed reload, in  1.159 seconds
Platform modules already initialized, skipping
Registering precompiled user dll's ...
Registered in 0.001353 seconds.
Begin MonoManager ReloadAssembly
Native extension for WindowsStandalone target not found
Refreshing native plugins compatible for Editor in 93.39 ms, found 0 plugins.
Preloading 0 native plugins for Editor in 0.00 ms.
Mono: successfully reloaded assembly
- Completed reload, in  1.092 seconds
Platform modules already initialized, skipping
========================================================================
Worker process is ready to serve import requests
Shader 'Universal Render Pipeline/Particles/Lit': fallback shader 'Universal Render Pipeline/Particles/SimpleLit' not found
Launched and connected shader compiler UnityShaderCompiler.exe after 0.05 seconds
Refreshing native plugins compatible for Editor in 0.77 ms, found 0 plugins.
Preloading 0 native plugins for Editor in 0.00 ms.
Unloading 2215 Unused Serialized files (Serialized files now loaded: 0)
System memory in use before: 115.0 MB.
System memory in use after: 115.1 MB.

Unloading 14 unused Assets to reduce memory usage. Loaded Objects now: 2670.
Total: 2.644500 ms (FindLiveObjects: 0.146800 ms CreateObjectMapping: 0.072000 ms MarkObjects: 2.247200 ms  DeleteObjects: 0.177800 ms)

========================================================================
Received Import Request.
  path: Assets/Prefabs/GameResources/Resources/GameResources.prefab
  artifactKey: Guid(eba097b732007df4db29c6be06317b49) Importer(815301076,1909f56bfc062723c751e8b465ee728b)
Start importing Assets/Prefabs/GameResources/Resources/GameResources.prefab using Guid(eba097b732007df4db29c6be06317b49) Importer(815301076,1909f56bfc062723c751e8b465ee728b)  -> (artifact id: '377ea1c9e6fe3a4ee2e68f6f8244e599') in 0.053799 seconds 
========================================================================
Received Import Request.
  Time since last request: 174.336850 seconds.
  path: Assets/ScriptableObjectAssets
  artifactKey: Guid(7ef9043ae1fc8ef4c94cd0987149b55c) Importer(815301076,1909f56bfc062723c751e8b465ee728b)
Start importing Assets/ScriptableObjectAssets using Guid(7ef9043ae1fc8ef4c94cd0987149b55c) Importer(815301076,1909f56bfc062723c751e8b465ee728b)  -> (artifact id: 'fdd298300d6aa5ee336dd1a0a3f0e97e') in 0.009602 seconds 
========================================================================
Received Import Request.
  Time since last request: 13.090816 seconds.
  path: Assets/ScriptableObjectAssets/Dungeon
  artifactKey: Guid(74ce4bc54f9205444807cd467dad736b) Importer(815301076,1909f56bfc062723c751e8b465ee728b)
Start importing Assets/ScriptableObjectAssets/Dungeon using Guid(74ce4bc54f9205444807cd467dad736b) Importer(815301076,1909f56bfc062723c751e8b465ee728b)  -> (artifact id: '26f898709b59fd8022defe1505e7553e') in 0.007432 seconds 
========================================================================
Received Import Request.
  Time since last request: 16.665830 seconds.
  path: Assets/ScriptableObjectAssets/Dungeon/DungeonRoomNodeTypes
  artifactKey: Guid(bf7234e2778af354ead04e411b5457b3) Importer(815301076,1909f56bfc062723c751e8b465ee728b)
Start importing Assets/ScriptableObjectAssets/Dungeon/DungeonRoomNodeTypes using Guid(bf7234e2778af354ead04e411b5457b3) Importer(815301076,1909f56bfc062723c751e8b465ee728b)  -> (artifact id: 'f531e2c9edc7a771ab0b9cfcf1ed2f1b') in 0.008539 seconds 
========================================================================
Received Import Request.
  Time since last request: 27.869166 seconds.
  path: Assets/ScriptableObjectAssets/Dungeon/DungeonRoomNodeTypes/RoomNodeTypeListSO.asset
  artifactKey: Guid(623ab3f417e3cf247b92a92be1c8d0cc) Importer(815301076,1909f56bfc062723c751e8b465ee728b)
Start importing Assets/ScriptableObjectAssets/Dungeon/DungeonRoomNodeTypes/RoomNodeTypeListSO.asset using Guid(623ab3f417e3cf247b92a92be1c8d0cc) Importer(815301076,1909f56bfc062723c751e8b465ee728b) list has no values in object RoomNodeTypeListSO
UnityEngine.StackTraceUtility:ExtractStackTrace ()
UnityEngine.DebugLogHandler:LogFormat (UnityEngine.LogType,UnityEngine.Object,string,object[])
UnityEngine.Logger:Log (UnityEngine.LogType,object)
UnityEngine.Debug:Log (object)
HelperUtilities:ValidateCheckEnumerableValues (UnityEngine.Object,string,System.Collections.IEnumerable) (at Assets/Scripts/Utilities/HelperUtilities.cs:44)
RoomNodeTypeListSO:OnValidate () (at Assets/Scripts/NodeGraph/RoomNodeTypeListSO.cs:21)

(Filename: Assets/Scripts/Utilities/HelperUtilities.cs Line: 44)

 -> (artifact id: 'f51180a17ffa7324d73fa2306dd836b0') in 0.012360 seconds 
========================================================================
Received Import Request.
  Time since last request: 61.463268 seconds.
  path: Assets/ScriptableObjectAssets/Dungeon/DungeonRoomNodeTypes/RoomNodeType_.asset
  artifactKey: Guid(cd2b9c2614c9dab4e8823d05366dfa63) Importer(815301076,1909f56bfc062723c751e8b465ee728b)
Start importing Assets/ScriptableObjectAssets/Dungeon/DungeonRoomNodeTypes/RoomNodeType_.asset using Guid(cd2b9c2614c9dab4e8823d05366dfa63) Importer(815301076,1909f56bfc062723c751e8b465ee728b) roomNodeTypeName is empty and must contain a value in object RoomNodeType_
UnityEngine.StackTraceUtility:ExtractStackTrace ()
UnityEngine.DebugLogHandler:LogFormat (UnityEngine.LogType,UnityEngine.Object,string,object[])
UnityEngine.Logger:Log (UnityEngine.LogType,object)
UnityEngine.Debug:Log (object)
HelperUtilities:ValidateCheckEmptyString (UnityEngine.Object,string,string) (at Assets/Scripts/Utilities/HelperUtilities.cs:14)
RoomNodeTypeSO:OnValidate () (at Assets/Scripts/NodeGraph/RoomNodeTypeSO.cs:43)

(Filename: Assets/Scripts/Utilities/HelperUtilities.cs Line: 14)

 -> (artifact id: 'e64c25dbbc8bca0f7dc1a5be48d6376d') in 0.008095 seconds 
========================================================================
Received Import Request.
  Time since last request: 29.962565 seconds.
  path: Assets/ScriptableObjectAssets/Dungeon/DungeonRoomNodeTypes/RoomNodeType_BossRoom.asset
  artifactKey: Guid(cd2b9c2614c9dab4e8823d05366dfa63) Importer(815301076,1909f56bfc062723c751e8b465ee728b)
Start importing Assets/ScriptableObjectAssets/Dungeon/DungeonRoomNodeTypes/RoomNodeType_BossRoom.asset using Guid(cd2b9c2614c9dab4e8823d05366dfa63) Importer(815301076,1909f56bfc062723c751e8b465ee728b) roomNodeTypeName is empty and must contain a value in object RoomNodeType_BossRoom
UnityEngine.StackTraceUtility:ExtractStackTrace ()
UnityEngine.DebugLogHandler:LogFormat (UnityEngine.LogType,UnityEngine.Object,string,object[])
UnityEngine.Logger:Log (UnityEngine.LogType,object)
UnityEngine.Debug:Log (object)
HelperUtilities:ValidateCheckEmptyString (UnityEngine.Object,string,string) (at Assets/Scripts/Utilities/HelperUtilities.cs:14)
RoomNodeTypeSO:OnValidate () (at Assets/Scripts/NodeGraph/RoomNodeTypeSO.cs:43)

(Filename: Assets/Scripts/Utilities/HelperUtilities.cs Line: 14)

 -> (artifact id: 'df206c923872babcfc8d7710ad5f26a7') in 0.008279 seconds 
========================================================================
Received Import Request.
  Time since last request: 105.111730 seconds.
  path: Assets/ScriptableObjectAssets/Dungeon/DungeonRoomNodeTypes/RoomNodeType_ChestRoom.asset
  artifactKey: Guid(535e21cbb7b0458498a2ebd352bbf0ee) Importer(815301076,1909f56bfc062723c751e8b465ee728b)
Start importing Assets/ScriptableObjectAssets/Dungeon/DungeonRoomNodeTypes/RoomNodeType_ChestRoom.asset using Guid(535e21cbb7b0458498a2ebd352bbf0ee) Importer(815301076,1909f56bfc062723c751e8b465ee728b) roomNodeTypeName is empty and must contain a value in object RoomNodeType_ChestRoom
UnityEngine.StackTraceUtility:ExtractStackTrace ()
UnityEngine.DebugLogHandler:LogFormat (UnityEngine.LogType,UnityEngine.Object,string,object[])
UnityEngine.Logger:Log (UnityEngine.LogType,object)
UnityEngine.Debug:Log (object)
HelperUtilities:ValidateCheckEmptyString (UnityEngine.Object,string,string) (at Assets/Scripts/Utilities/HelperUtilities.cs:14)
RoomNodeTypeSO:OnValidate () (at Assets/Scripts/NodeGraph/RoomNodeTypeSO.cs:43)

(Filename: Assets/Scripts/Utilities/HelperUtilities.cs Line: 14)

 -> (artifact id: '551b8743101f3dfc1f2de7d4a2aeeca0') in 0.008729 seconds 
========================================================================
Received Import Request.
  Time since last request: 21.191191 seconds.
  path: Assets/ScriptableObjectAssets/Dungeon/DungeonRoomNodeTypes/RoomNodeType_ChestRoom 1.asset
  artifactKey: Guid(7df9c173290e5ac499aeffd261cc8789) Importer(815301076,1909f56bfc062723c751e8b465ee728b)
Start importing Assets/ScriptableObjectAssets/Dungeon/DungeonRoomNodeTypes/RoomNodeType_ChestRoom 1.asset using Guid(7df9c173290e5ac499aeffd261cc8789) Importer(815301076,1909f56bfc062723c751e8b465ee728b) roomNodeTypeName is empty and must contain a value in object RoomNodeType_ChestRoom
UnityEngine.StackTraceUtility:ExtractStackTrace ()
UnityEngine.DebugLogHandler:LogFormat (UnityEngine.LogType,UnityEngine.Object,string,object[])
UnityEngine.Logger:Log (UnityEngine.LogType,object)
UnityEngine.Debug:Log (object)
HelperUtilities:ValidateCheckEmptyString (UnityEngine.Object,string,string) (at Assets/Scripts/Utilities/HelperUtilities.cs:14)
RoomNodeTypeSO:OnValidate () (at Assets/Scripts/NodeGraph/RoomNodeTypeSO.cs:43)

(Filename: Assets/Scripts/Utilities/HelperUtilities.cs Line: 14)

 -> (artifact id: 'c69cb5aec92c4f268e6bb91703158e0b') in 0.007759 seconds 
========================================================================
Received Import Request.
  Time since last request: 9.340965 seconds.
  path: Assets/ScriptableObjectAssets/Dungeon/DungeonRoomNodeTypes/RoomNodeType_Corridor.asset
  artifactKey: Guid(7df9c173290e5ac499aeffd261cc8789) Importer(815301076,1909f56bfc062723c751e8b465ee728b)
Start importing Assets/ScriptableObjectAssets/Dungeon/DungeonRoomNodeTypes/RoomNodeType_Corridor.asset using Guid(7df9c173290e5ac499aeffd261cc8789) Importer(815301076,1909f56bfc062723c751e8b465ee728b) roomNodeTypeName is empty and must contain a value in object RoomNodeType_Corridor
UnityEngine.StackTraceUtility:ExtractStackTrace ()
UnityEngine.DebugLogHandler:LogFormat (UnityEngine.LogType,UnityEngine.Object,string,object[])
UnityEngine.Logger:Log (UnityEngine.LogType,object)
UnityEngine.Debug:Log (object)
HelperUtilities:ValidateCheckEmptyString (UnityEngine.Object,string,string) (at Assets/Scripts/Utilities/HelperUtilities.cs:14)
RoomNodeTypeSO:OnValidate () (at Assets/Scripts/NodeGraph/RoomNodeTypeSO.cs:43)

(Filename: Assets/Scripts/Utilities/HelperUtilities.cs Line: 14)

 -> (artifact id: '503b8a856a6e92d9ba1bf34a43f97132') in 0.008606 seconds 
========================================================================
Received Import Request.
  Time since last request: 59.767531 seconds.
  path: Assets/ScriptableObjectAssets/Dungeon/DungeonRoomNodeTypes/RoomNodeType_Corridor 1.asset
  artifactKey: Guid(27eebe9ebed9ca44cab444a9446c6faa) Importer(815301076,1909f56bfc062723c751e8b465ee728b)
Start importing Assets/ScriptableObjectAssets/Dungeon/DungeonRoomNodeTypes/RoomNodeType_Corridor 1.asset using Guid(27eebe9ebed9ca44cab444a9446c6faa) Importer(815301076,1909f56bfc062723c751e8b465ee728b) roomNodeTypeName is empty and must contain a value in object RoomNodeType_Corridor
UnityEngine.StackTraceUtility:ExtractStackTrace ()
UnityEngine.DebugLogHandler:LogFormat (UnityEngine.LogType,UnityEngine.Object,string,object[])
UnityEngine.Logger:Log (UnityEngine.LogType,object)
UnityEngine.Debug:Log (object)
HelperUtilities:ValidateCheckEmptyString (UnityEngine.Object,string,string) (at Assets/Scripts/Utilities/HelperUtilities.cs:14)
RoomNodeTypeSO:OnValidate () (at Assets/Scripts/NodeGraph/RoomNodeTypeSO.cs:43)

(Filename: Assets/Scripts/Utilities/HelperUtilities.cs Line: 14)

 -> (artifact id: '94c54656dd8c8ebb45c96cce12fdc103') in 0.008258 seconds 
========================================================================
Received Import Request.
  Time since last request: 11.315179 seconds.
  path: Assets/ScriptableObjectAssets/Dungeon/DungeonRoomNodeTypes/RoomNodeType_CorridorEW.asset
  artifactKey: Guid(27eebe9ebed9ca44cab444a9446c6faa) Importer(815301076,1909f56bfc062723c751e8b465ee728b)
Start importing Assets/ScriptableObjectAssets/Dungeon/DungeonRoomNodeTypes/RoomNodeType_CorridorEW.asset using Guid(27eebe9ebed9ca44cab444a9446c6faa) Importer(815301076,1909f56bfc062723c751e8b465ee728b) roomNodeTypeName is empty and must contain a value in object RoomNodeType_CorridorEW
UnityEngine.StackTraceUtility:ExtractStackTrace ()
UnityEngine.DebugLogHandler:LogFormat (UnityEngine.LogType,UnityEngine.Object,string,object[])
UnityEngine.Logger:Log (UnityEngine.LogType,object)
UnityEngine.Debug:Log (object)
HelperUtilities:ValidateCheckEmptyString (UnityEngine.Object,string,string) (at Assets/Scripts/Utilities/HelperUtilities.cs:14)
RoomNodeTypeSO:OnValidate () (at Assets/Scripts/NodeGraph/RoomNodeTypeSO.cs:43)

(Filename: Assets/Scripts/Utilities/HelperUtilities.cs Line: 14)

 -> (artifact id: '80c99f793275566850b070b6eb124587') in 0.008211 seconds 
========================================================================
Received Import Request.
  Time since last request: 15.087966 seconds.
  path: Assets/ScriptableObjectAssets/Dungeon/DungeonRoomNodeTypes/RoomNodeType_Corridor.asset
  artifactKey: Guid(7df9c173290e5ac499aeffd261cc8789) Importer(815301076,1909f56bfc062723c751e8b465ee728b)
Start importing Assets/ScriptableObjectAssets/Dungeon/DungeonRoomNodeTypes/RoomNodeType_Corridor.asset using Guid(7df9c173290e5ac499aeffd261cc8789) Importer(815301076,1909f56bfc062723c751e8b465ee728b) roomNodeTypeName is empty and must contain a value in object RoomNodeType_Corridor
UnityEngine.StackTraceUtility:ExtractStackTrace ()
UnityEngine.DebugLogHandler:LogFormat (UnityEngine.LogType,UnityEngine.Object,string,object[])
UnityEngine.Logger:Log (UnityEngine.LogType,object)
UnityEngine.Debug:Log (object)
HelperUtilities:ValidateCheckEmptyString (UnityEngine.Object,string,string) (at Assets/Scripts/Utilities/HelperUtilities.cs:14)
RoomNodeTypeSO:OnValidate () (at Assets/Scripts/NodeGraph/RoomNodeTypeSO.cs:43)

(Filename: Assets/Scripts/Utilities/HelperUtilities.cs Line: 14)

 -> (artifact id: 'fd37c5b2342fc4c5cc37b25dfcfae652') in 0.003231 seconds 
========================================================================
Received Import Request.
  Time since last request: 44.162568 seconds.
  path: Assets/ScriptableObjectAssets/Dungeon/DungeonRoomNodeTypes/RoomNodeType_CorridorEW 1.asset
  artifactKey: Guid(d339b59a4e2d3f74bb70adb6ed0812d3) Importer(815301076,1909f56bfc062723c751e8b465ee728b)
Start importing Assets/ScriptableObjectAssets/Dungeon/DungeonRoomNodeTypes/RoomNodeType_CorridorEW 1.asset using Guid(d339b59a4e2d3f74bb70adb6ed0812d3) Importer(815301076,1909f56bfc062723c751e8b465ee728b)  -> (artifact id: '6df3e49d78e7d09618fd41a67f6b4495') in 0.007603 seconds 
========================================================================
Received Import Request.
  Time since last request: 8.221655 seconds.
  path: Assets/ScriptableObjectAssets/Dungeon/DungeonRoomNodeTypes/RoomNodeType_CorridorNS.asset
  artifactKey: Guid(d339b59a4e2d3f74bb70adb6ed0812d3) Importer(815301076,1909f56bfc062723c751e8b465ee728b)
Start importing Assets/ScriptableObjectAssets/Dungeon/DungeonRoomNodeTypes/RoomNodeType_CorridorNS.asset using Guid(d339b59a4e2d3f74bb70adb6ed0812d3) Importer(815301076,1909f56bfc062723c751e8b465ee728b)  -> (artifact id: '9c0208a2ab583534f8ac37ad54a46477') in 0.006818 seconds 
========================================================================
Received Import Request.
  Time since last request: 6.696496 seconds.
  path: Assets/ScriptableObjectAssets/Dungeon/DungeonRoomNodeTypes/RoomNodeType_CorridorEW.asset
  artifactKey: Guid(27eebe9ebed9ca44cab444a9446c6faa) Importer(815301076,1909f56bfc062723c751e8b465ee728b)
Start importing Assets/ScriptableObjectAssets/Dungeon/DungeonRoomNodeTypes/RoomNodeType_CorridorEW.asset using Guid(27eebe9ebed9ca44cab444a9446c6faa) Importer(815301076,1909f56bfc062723c751e8b465ee728b)  -> (artifact id: '1eed06686daeb379aced3edf1e764652') in 0.002957 seconds 
========================================================================
Received Import Request.
  Time since last request: 7.576791 seconds.
  path: Assets/ScriptableObjectAssets/Dungeon/DungeonRoomNodeTypes/RoomNodeType_CorridorNS 1.asset
  artifactKey: Guid(eae9ce384b18c8e4fac6f7c818ad376e) Importer(815301076,1909f56bfc062723c751e8b465ee728b)
Start importing Assets/ScriptableObjectAssets/Dungeon/DungeonRoomNodeTypes/RoomNodeType_CorridorNS 1.asset using Guid(eae9ce384b18c8e4fac6f7c818ad376e) Importer(815301076,1909f56bfc062723c751e8b465ee728b)  -> (artifact id: '43c88fd4471b7ccdc023e45a198a100d') in 0.008690 seconds 
========================================================================
Received Import Request.
  Time since last request: 12.753529 seconds.
  path: Assets/ScriptableObjectAssets/Dungeon/DungeonRoomNodeTypes/RoomNodeType_Entrance.asset
  artifactKey: Guid(eae9ce384b18c8e4fac6f7c818ad376e) Importer(815301076,1909f56bfc062723c751e8b465ee728b)
Start importing Assets/ScriptableObjectAssets/Dungeon/DungeonRoomNodeTypes/RoomNodeType_Entrance.asset using Guid(eae9ce384b18c8e4fac6f7c818ad376e) Importer(815301076,1909f56bfc062723c751e8b465ee728b)  -> (artifact id: 'e547740eefff10ae90d03b6d0a904e9f') in 0.008113 seconds 
========================================================================
Received Import Request.
  Time since last request: 22.782135 seconds.
  path: Assets/ScriptableObjectAssets/Dungeon/DungeonRoomNodeTypes/RoomNodeType_Entrance 1.asset
  artifactKey: Guid(8cf214397f7a9fb4aa77eb89eb7942a6) Importer(815301076,1909f56bfc062723c751e8b465ee728b)
Start importing Assets/ScriptableObjectAssets/Dungeon/DungeonRoomNodeTypes/RoomNodeType_Entrance 1.asset using Guid(8cf214397f7a9fb4aa77eb89eb7942a6) Importer(815301076,1909f56bfc062723c751e8b465ee728b)  -> (artifact id: '1e512b2842be35a7fa0eba9a4fc15d9e') in 0.009529 seconds 
========================================================================
Received Import Request.
  Time since last request: 21.163100 seconds.
  path: Assets/ScriptableObjectAssets/Dungeon/DungeonRoomNodeTypes/RoomNodeType_LargeRoom.asset
  artifactKey: Guid(8cf214397f7a9fb4aa77eb89eb7942a6) Importer(815301076,1909f56bfc062723c751e8b465ee728b)
Start importing Assets/ScriptableObjectAssets/Dungeon/DungeonRoomNodeTypes/RoomNodeType_LargeRoom.asset using Guid(8cf214397f7a9fb4aa77eb89eb7942a6) Importer(815301076,1909f56bfc062723c751e8b465ee728b)  -> (artifact id: '89c6220b2661210a733b7561a40fad1a') in 0.006193 seconds 
========================================================================
Received Import Request.
  Time since last request: 42.152426 seconds.
  path: Assets/ScriptableObjectAssets/Dungeon/DungeonRoomNodeTypes/RoomNodeType_LargeRoom 1.asset
  artifactKey: Guid(fbb1b4a71b5d1344c9fee89700bf8187) Importer(815301076,1909f56bfc062723c751e8b465ee728b)
Start importing Assets/ScriptableObjectAssets/Dungeon/DungeonRoomNodeTypes/RoomNodeType_LargeRoom 1.asset using Guid(fbb1b4a71b5d1344c9fee89700bf8187) Importer(815301076,1909f56bfc062723c751e8b465ee728b)  -> (artifact id: '4f0712350ba75f1c751a19d5154b4111') in 0.007565 seconds 
========================================================================
Received Import Request.
  Time since last request: 15.226495 seconds.
  path: Assets/ScriptableObjectAssets/Dungeon/DungeonRoomNodeTypes/RoomNodeType_MedeumRoom.asset
  artifactKey: Guid(fbb1b4a71b5d1344c9fee89700bf8187) Importer(815301076,1909f56bfc062723c751e8b465ee728b)
Start importing Assets/ScriptableObjectAssets/Dungeon/DungeonRoomNodeTypes/RoomNodeType_MedeumRoom.asset using Guid(fbb1b4a71b5d1344c9fee89700bf8187) Importer(815301076,1909f56bfc062723c751e8b465ee728b)  -> (artifact id: 'b7bcd153a043e83b2303449162ab7fa2') in 0.007423 seconds 
========================================================================
Received Import Request.
  Time since last request: 7.318572 seconds.
  path: Assets/ScriptableObjectAssets/Dungeon/DungeonRoomNodeTypes/RoomNodeType_MediumRoom.asset
  artifactKey: Guid(fbb1b4a71b5d1344c9fee89700bf8187) Importer(815301076,1909f56bfc062723c751e8b465ee728b)
Start importing Assets/ScriptableObjectAssets/Dungeon/DungeonRoomNodeTypes/RoomNodeType_MediumRoom.asset using Guid(fbb1b4a71b5d1344c9fee89700bf8187) Importer(815301076,1909f56bfc062723c751e8b465ee728b)  -> (artifact id: 'ad36221c4e68034fb18b6fc522ecf75b') in 0.009391 seconds 
========================================================================
Received Import Request.
  Time since last request: 10.044935 seconds.
  path: Assets/ScriptableObjectAssets/Dungeon/DungeonRoomNodeTypes/RoomNodeType_MediumRoom 1.asset
  artifactKey: Guid(40654dea14b153943b6fba74608bbbff) Importer(815301076,1909f56bfc062723c751e8b465ee728b)
Start importing Assets/ScriptableObjectAssets/Dungeon/DungeonRoomNodeTypes/RoomNodeType_MediumRoom 1.asset using Guid(40654dea14b153943b6fba74608bbbff) Importer(815301076,1909f56bfc062723c751e8b465ee728b)  -> (artifact id: '34a0c4ef33c8053cca0f92bcedb09447') in 0.008210 seconds 
========================================================================
Received Import Request.
  Time since last request: 7.697466 seconds.
  path: Assets/ScriptableObjectAssets/Dungeon/DungeonRoomNodeTypes/RoomNodeType_SmallRoom.asset
  artifactKey: Guid(40654dea14b153943b6fba74608bbbff) Importer(815301076,1909f56bfc062723c751e8b465ee728b)
Start importing Assets/ScriptableObjectAssets/Dungeon/DungeonRoomNodeTypes/RoomNodeType_SmallRoom.asset using Guid(40654dea14b153943b6fba74608bbbff) Importer(815301076,1909f56bfc062723c751e8b465ee728b)  -> (artifact id: '1b8bd8fd7754da7dc3d420d5610bb0bf') in 0.007571 seconds 
========================================================================
Received Import Request.
  Time since last request: 26.978399 seconds.
  path: Assets/ScriptableObjectAssets/Dungeon/DungeonRoomNodeTypes/RoomNodeType_SmallRoom 1.asset
  artifactKey: Guid(ae5c850e2ac523342b0ef7fceb17c2d6) Importer(815301076,1909f56bfc062723c751e8b465ee728b)
Start importing Assets/ScriptableObjectAssets/Dungeon/DungeonRoomNodeTypes/RoomNodeType_SmallRoom 1.asset using Guid(ae5c850e2ac523342b0ef7fceb17c2d6) Importer(815301076,1909f56bfc062723c751e8b465ee728b)  -> (artifact id: '7fbe35b031d8bbb490dd6380e368b630') in 0.008216 seconds 
========================================================================
Received Import Request.
  Time since last request: 13.564141 seconds.
  path: Assets/ScriptableObjectAssets/Dungeon/DungeonRoomNodeTypes/RoomNodeType_None.asset
  artifactKey: Guid(ae5c850e2ac523342b0ef7fceb17c2d6) Importer(815301076,1909f56bfc062723c751e8b465ee728b)
Start importing Assets/ScriptableObjectAssets/Dungeon/DungeonRoomNodeTypes/RoomNodeType_None.asset using Guid(ae5c850e2ac523342b0ef7fceb17c2d6) Importer(815301076,1909f56bfc062723c751e8b465ee728b)  -> (artifact id: '5893fc80a995ce2a390beead4dcd2b0a') in 0.007152 seconds 
========================================================================
Received Import Request.
  Time since last request: 151.633692 seconds.
  path: Assets/Prefabs/GameResources/Resources/GameResources.prefab
  artifactKey: Guid(eba097b732007df4db29c6be06317b49) Importer(815301076,1909f56bfc062723c751e8b465ee728b)
Start importing Assets/Prefabs/GameResources/Resources/GameResources.prefab using Guid(eba097b732007df4db29c6be06317b49) Importer(815301076,1909f56bfc062723c751e8b465ee728b) list has no values in object RoomNodeTypeListSO
UnityEngine.StackTraceUtility:ExtractStackTrace ()
UnityEngine.DebugLogHandler:LogFormat (UnityEngine.LogType,UnityEngine.Object,string,object[])
UnityEngine.Logger:Log (UnityEngine.LogType,object)
UnityEngine.Debug:Log (object)
HelperUtilities:ValidateCheckEnumerableValues (UnityEngine.Object,string,System.Collections.IEnumerable) (at Assets/Scripts/Utilities/HelperUtilities.cs:44)
RoomNodeTypeListSO:OnValidate () (at Assets/Scripts/NodeGraph/RoomNodeTypeListSO.cs:21)

(Filename: Assets/Scripts/Utilities/HelperUtilities.cs Line: 44)

 -> (artifact id: 'ece53734044158ffe61ce718ae1bffa1') in 0.004607 seconds 
========================================================================
Received Prepare
Registering precompiled user dll's ...
Registered in 0.001636 seconds.
Begin MonoManager ReloadAssembly
Native extension for WindowsStandalone target not found
Refreshing native plugins compatible for Editor in 0.76 ms, found 0 plugins.
Preloading 0 native plugins for Editor in 0.00 ms.
Mono: successfully reloaded assembly
- Completed reload, in  0.936 seconds
Platform modules already initialized, skipping
Shader 'Universal Render Pipeline/Particles/Lit': fallback shader 'Universal Render Pipeline/Particles/SimpleLit' not found
Refreshing native plugins compatible for Editor in 0.85 ms, found 0 plugins.
Preloading 0 native plugins for Editor in 0.00 ms.
Unloading 2103 Unused Serialized files (Serialized files now loaded: 0)
System memory in use before: 108.0 MB.
System memory in use after: 108.1 MB.

Unloading 6 unused Assets to reduce memory usage. Loaded Objects now: 2672.
Total: 2.796000 ms (FindLiveObjects: 0.185000 ms CreateObjectMapping: 0.071200 ms MarkObjects: 2.450800 ms  DeleteObjects: 0.087300 ms)

